c:\users\guter\onedrive\שולחן העבודה\פרויקטים אישיים\weatherstationsimulation\weatherstationsimulation\x64\debug\vc143.pdb
c:\users\guter\onedrive\שולחן העבודה\פרויקטים אישיים\weatherstationsimulation\weatherstationsimulation\x64\debug\vc143.idb
c:\users\guter\onedrive\שולחן העבודה\פרויקטים אישיים\weatherstationsimulation\weatherstationsimulation\x64\debug\main.obj
c:\users\guter\onedrive\שולחן העבודה\פרויקטים אישיים\weatherstationsimulation\weatherstationsimulation\x64\debug\logger.obj
c:\users\guter\onedrive\שולחן העבודה\פרויקטים אישיים\weatherstationsimulation\weatherstationsimulation\x64\debug\userinterface.obj
c:\users\guter\onedrive\שולחן העבודה\פרויקטים אישיים\weatherstationsimulation\weatherstationsimulation\x64\debug\databasehandler.obj
c:\users\guter\onedrive\שולחן העבודה\פרויקטים אישיים\weatherstationsimulation\weatherstationsimulation\x64\debug\weatherstationfunctions.obj
c:\users\guter\onedrive\שולחן העבודה\פרויקטים אישיים\weatherstationsimulation\weatherstationsimulation\x64\debug\sqlite3.obj
c:\users\guter\onedrive\שולחן העבודה\פרויקטים אישיים\weatherstationsimulation\x64\debug\weatherstationsimulation.exe
c:\users\guter\onedrive\שולחן העבודה\פרויקטים אישיים\weatherstationsimulation\weatherstationsimulation\x64\debug\weatherstationsimulation.ilk
c:\users\guter\onedrive\שולחן העבודה\פרויקטים אישיים\weatherstationsimulation\x64\debug\weatherstationsimulation.pdb
c:\users\guter\onedrive\שולחן העבודה\פרויקטים אישיים\weatherstationsimulation\weatherstationsimulation\x64\debug\vcpkg.applocal.log
c:\users\guter\onedrive\שולחן העבודה\פרויקטים אישיים\weatherstationsimulation\weatherstationsimulation\x64\debug\userinputhandler.obj
c:\users\guter\onedrive\שולחן העבודה\פרויקטים אישיים\weatherstationsimulation\weatherstationsimulation\x64\debug\weatherdatahandler.obj
c:\users\guter\onedrive\שולחן העבודה\פרויקטים אישיים\weatherstationsimulation\weatherstationsimulation\x64\debug\weathers.38fa5b7f.tlog\cl.command.1.tlog
c:\users\guter\onedrive\שולחן העבודה\פרויקטים אישיים\weatherstationsimulation\weatherstationsimulation\x64\debug\weathers.38fa5b7f.tlog\cl.items.tlog
c:\users\guter\onedrive\שולחן העבודה\פרויקטים אישיים\weatherstationsimulation\weatherstationsimulation\x64\debug\weathers.38fa5b7f.tlog\cl.read.1.tlog
c:\users\guter\onedrive\שולחן העבודה\פרויקטים אישיים\weatherstationsimulation\weatherstationsimulation\x64\debug\weathers.38fa5b7f.tlog\cl.write.1.tlog
c:\users\guter\onedrive\שולחן העבודה\פרויקטים אישיים\weatherstationsimulation\weatherstationsimulation\x64\debug\weathers.38fa5b7f.tlog\link.command.1.tlog
c:\users\guter\onedrive\שולחן העבודה\פרויקטים אישיים\weatherstationsimulation\weatherstationsimulation\x64\debug\weathers.38fa5b7f.tlog\link.read.1.tlog
c:\users\guter\onedrive\שולחן העבודה\פרויקטים אישיים\weatherstationsimulation\weatherstationsimulation\x64\debug\weathers.38fa5b7f.tlog\link.write.1.tlog
c:\users\guter\onedrive\שולחן העבודה\פרויקטים אישיים\weatherstationsimulation\weatherstationsimulation\x64\debug\weathers.38fa5b7f.tlog\weatherstationsimulation.write.1u.tlog
